<?xml version="1.0" encoding="UTF-8"?>
<testsuite name="crcl.utils.CRCLPosemathTest" time="0.05" tests="64" errors="0" skipped="0" failures="0">
  <properties>
    <property name="java.runtime.name" value="Java(TM) SE Runtime Environment"/>
    <property name="sun.boot.library.path" value="/usr/lib/jvm/java-8-oracle/jre/lib/amd64"/>
    <property name="java.vm.version" value="25.191-b12"/>
    <property name="java.vm.vendor" value="Oracle Corporation"/>
    <property name="maven.multiModuleProjectDirectory" value="/home/michalos/NetBeansProjects/crcl4java-utils"/>
    <property name="java.vendor.url" value="http://java.oracle.com/"/>
    <property name="path.separator" value=":"/>
    <property name="guice.disable.misplaced.annotation.check" value="true"/>
    <property name="java.vm.name" value="Java HotSpot(TM) 64-Bit Server VM"/>
    <property name="file.encoding.pkg" value="sun.io"/>
    <property name="user.country" value="US"/>
    <property name="sun.java.launcher" value="SUN_STANDARD"/>
    <property name="sun.os.patch.level" value="unknown"/>
    <property name="java.vm.specification.name" value="Java Virtual Machine Specification"/>
    <property name="user.dir" value="/home/michalos/NetBeansProjects/crcl4java-utils"/>
    <property name="java.runtime.version" value="1.8.0_191-b12"/>
    <property name="java.awt.graphicsenv" value="sun.awt.X11GraphicsEnvironment"/>
    <property name="java.endorsed.dirs" value="/usr/lib/jvm/java-8-oracle/jre/lib/endorsed"/>
    <property name="os.arch" value="amd64"/>
    <property name="java.io.tmpdir" value="/tmp"/>
    <property name="line.separator" value="&#10;"/>
    <property name="java.vm.specification.vendor" value="Oracle Corporation"/>
    <property name="os.name" value="Linux"/>
    <property name="maven.ext.class.path" value="/usr/local/netbeans-8.2/java/maven-nblib/netbeans-eventspy.jar"/>
    <property name="classworlds.conf" value="/usr/share/maven/bin/m2.conf"/>
    <property name="sun.jnu.encoding" value="UTF-8"/>
    <property name="java.library.path" value="/usr/lib/jvm/java-8-oracle/jre/lib/amd64:/usr/lib/jvm/java-8-oracle/jre/lib/i386::/usr/java/packages/lib/amd64:/usr/lib64:/lib64:/lib:/usr/lib"/>
    <property name="java.specification.name" value="Java Platform API Specification"/>
    <property name="java.class.version" value="52.0"/>
    <property name="sun.management.compiler" value="HotSpot 64-Bit Tiered Compilers"/>
    <property name="os.version" value="4.15.0-117-generic"/>
    <property name="user.home" value="/home/michalos"/>
    <property name="user.timezone" value="America/New_York"/>
    <property name="java.awt.printerjob" value="sun.print.PSPrinterJob"/>
    <property name="java.specification.version" value="1.8"/>
    <property name="file.encoding" value="UTF-8"/>
    <property name="user.name" value="michalos"/>
    <property name="java.class.path" value="/usr/share/maven/boot/plexus-classworlds-2.x.jar"/>
    <property name="org.slf4j.simpleLogger.defaultLogLevel" value="debug"/>
    <property name="java.vm.specification.version" value="1.8"/>
    <property name="sun.arch.data.model" value="64"/>
    <property name="java.home" value="/usr/lib/jvm/java-8-oracle/jre"/>
    <property name="sun.java.command" value="org.codehaus.plexus.classworlds.launcher.Launcher -Dmaven.ext.class.path=/usr/local/netbeans-8.2/java/maven-nblib/netbeans-eventspy.jar install"/>
    <property name="java.specification.vendor" value="Oracle Corporation"/>
    <property name="user.language" value="en"/>
    <property name="awt.toolkit" value="sun.awt.X11.XToolkit"/>
    <property name="java.vm.info" value="mixed mode"/>
    <property name="java.version" value="1.8.0_191"/>
    <property name="java.ext.dirs" value="/usr/lib/jvm/java-8-oracle/jre/lib/ext:/usr/java/packages/lib/ext"/>
    <property name="securerandom.source" value="file:/dev/./urandom"/>
    <property name="sun.boot.class.path" value="/usr/lib/jvm/java-8-oracle/jre/lib/resources.jar:/usr/lib/jvm/java-8-oracle/jre/lib/rt.jar:/usr/lib/jvm/java-8-oracle/jre/lib/sunrsasign.jar:/usr/lib/jvm/java-8-oracle/jre/lib/jsse.jar:/usr/lib/jvm/java-8-oracle/jre/lib/jce.jar:/usr/lib/jvm/java-8-oracle/jre/lib/charsets.jar:/usr/lib/jvm/java-8-oracle/jre/lib/jfr.jar:/usr/lib/jvm/java-8-oracle/jre/classes"/>
    <property name="java.vendor" value="Oracle Corporation"/>
    <property name="maven.home" value="/usr/share/maven"/>
    <property name="file.separator" value="/"/>
    <property name="java.vendor.url.bug" value="http://bugreport.sun.com/bugreport/"/>
    <property name="sun.cpu.endian" value="little"/>
    <property name="sun.io.unicode.encoding" value="UnicodeLittle"/>
    <property name="sun.desktop" value="gnome"/>
    <property name="sun.cpu.isalist" value=""/>
  </properties>
  <testcase name="testDiffPoints" classname="crcl.utils.CRCLPosemathTest" time="0"/>
  <testcase name="testPointToPmCartesian" classname="crcl.utils.CRCLPosemathTest" time="0.001"/>
  <testcase name="testDiffPosesTran" classname="crcl.utils.CRCLPosemathTest" time="0"/>
  <testcase name="testVectorToPmCartesian" classname="crcl.utils.CRCLPosemathTest" time="0"/>
  <testcase name="testToPoseType" classname="crcl.utils.CRCLPosemathTest" time="0"/>
  <testcase name="testToPmRotationMatrix" classname="crcl.utils.CRCLPosemathTest" time="0.014"/>
  <testcase name="testToPmRotationVector" classname="crcl.utils.CRCLPosemathTest" time="0"/>
  <testcase name="testMaxDiffDoubleArray" classname="crcl.utils.CRCLPosemathTest" time="0"/>
  <testcase name="testDiffPosesRot" classname="crcl.utils.CRCLPosemathTest" time="0"/>
  <testcase name="testToPointType" classname="crcl.utils.CRCLPosemathTest" time="0"/>
  <testcase name="testToPmRpy" classname="crcl.utils.CRCLPosemathTest" time="0.001"/>
  <testcase name="testPoseToString" classname="crcl.utils.CRCLPosemathTest" time="0.001"/>
  <testcase name="testToPoseType_3args" classname="crcl.utils.CRCLPosemathTest" time="0.001"/>
  <testcase name="testAdd" classname="crcl.utils.CRCLPosemathTest" time="0"/>
  <testcase name="testSubtract" classname="crcl.utils.CRCLPosemathTest" time="0.001"/>
  <testcase name="testMultiply_BigDecimal_VectorType" classname="crcl.utils.CRCLPosemathTest" time="0.003"/>
  <testcase name="testMultiply_double_VectorType" classname="crcl.utils.CRCLPosemathTest" time="0"/>
  <testcase name="testMultiply_BigDecimal_PointType" classname="crcl.utils.CRCLPosemathTest" time="0"/>
  <testcase name="testMultiply_double_PointType" classname="crcl.utils.CRCLPosemathTest" time="0"/>
  <testcase name="testDot_VectorType_VectorType" classname="crcl.utils.CRCLPosemathTest" time="0.001"/>
  <testcase name="testDot_VectorType_PointType" classname="crcl.utils.CRCLPosemathTest" time="0"/>
  <testcase name="testCross" classname="crcl.utils.CRCLPosemathTest" time="0.001"/>
  <testcase name="testMultiply_PoseType_PoseType" classname="crcl.utils.CRCLPosemathTest" time="0.005"/>
  <testcase name="testShift" classname="crcl.utils.CRCLPosemathTest" time="0"/>
  <testcase name="testToPoseType_PmCartesian_PmRotationVector" classname="crcl.utils.CRCLPosemathTest" time="0"/>
  <testcase name="testToPose" classname="crcl.utils.CRCLPosemathTest" time="0"/>
  <testcase name="testInvert" classname="crcl.utils.CRCLPosemathTest" time="0.003"/>
  <testcase name="testIdentityPose" classname="crcl.utils.CRCLPosemathTest" time="0.001"/>
  <testcase name="testToPmPose" classname="crcl.utils.CRCLPosemathTest" time="0.001"/>
  <testcase name="testToHomMat" classname="crcl.utils.CRCLPosemathTest" time="0.001"/>
  <testcase name="testGetPose" classname="crcl.utils.CRCLPosemathTest" time="0.001"/>
  <testcase name="testCompute2DTransform" classname="crcl.utils.CRCLPosemathTest" time="0.005"/>
  <testcase name="testCompute2DPmTransform" classname="crcl.utils.CRCLPosemathTest" time="0"/>
  <testcase name="testGetPoint" classname="crcl.utils.CRCLPosemathTest" time="0"/>
  <testcase name="testGetXAxis" classname="crcl.utils.CRCLPosemathTest" time="0"/>
  <testcase name="testGetZAxis" classname="crcl.utils.CRCLPosemathTest" time="0"/>
  <testcase name="testSetPose" classname="crcl.utils.CRCLPosemathTest" time="0.001"/>
  <testcase name="testSetPoint" classname="crcl.utils.CRCLPosemathTest" time="0"/>
  <testcase name="testSetXAxis" classname="crcl.utils.CRCLPosemathTest" time="0"/>
  <testcase name="testSetZAxis" classname="crcl.utils.CRCLPosemathTest" time="0"/>
  <testcase name="testInitPose" classname="crcl.utils.CRCLPosemathTest" time="0"/>
  <testcase name="testToPmCartesian" classname="crcl.utils.CRCLPosemathTest" time="0"/>
  <testcase name="testToPmPose_CRCLStatusType" classname="crcl.utils.CRCLPosemathTest" time="0"/>
  <testcase name="testToPmPose_PoseType" classname="crcl.utils.CRCLPosemathTest" time="0"/>
  <testcase name="testMultiply_PoseType_PointType" classname="crcl.utils.CRCLPosemathTest" time="0"/>
  <testcase name="testNorm" classname="crcl.utils.CRCLPosemathTest" time="0"/>
  <testcase name="testNormalize" classname="crcl.utils.CRCLPosemathTest" time="0"/>
  <testcase name="testToPose_PmPose" classname="crcl.utils.CRCLPosemathTest" time="0"/>
  <testcase name="testToPose_doubleArrArr" classname="crcl.utils.CRCLPosemathTest" time="0"/>
  <testcase name="testToPoseType_3args_1" classname="crcl.utils.CRCLPosemathTest" time="0"/>
  <testcase name="testToPoseType_3args_2" classname="crcl.utils.CRCLPosemathTest" time="0.001"/>
  <testcase name="testGetMaxId" classname="crcl.utils.CRCLPosemathTest" time="0.002"/>
  <testcase name="testToPoseType_PmCartesian_PmRpy" classname="crcl.utils.CRCLPosemathTest" time="0.001"/>
  <testcase name="testNewZeroedPoint" classname="crcl.utils.CRCLPosemathTest" time="0"/>
  <testcase name="testXyPoint2D_PointType" classname="crcl.utils.CRCLPosemathTest" time="0"/>
  <testcase name="testXyPoint2D_PoseType" classname="crcl.utils.CRCLPosemathTest" time="0"/>
  <testcase name="testRzPoint2D_PointType" classname="crcl.utils.CRCLPosemathTest" time="0.001"/>
  <testcase name="testRzPoint2D_PoseType" classname="crcl.utils.CRCLPosemathTest" time="0.001"/>
  <testcase name="testFlipXAxis_PoseType" classname="crcl.utils.CRCLPosemathTest" time="0"/>
  <testcase name="testTransformProgram" classname="crcl.utils.CRCLPosemathTest" time="0"/>
  <testcase name="testTransformProgramWithFilter" classname="crcl.utils.CRCLPosemathTest" time="0.001"/>
  <testcase name="testPose" classname="crcl.utils.CRCLPosemathTest" time="0.001"/>
  <testcase name="testPoint_3args_2" classname="crcl.utils.CRCLPosemathTest" time="0"/>
  <testcase name="testVector_3args_2" classname="crcl.utils.CRCLPosemathTest" time="0"/>
</testsuite>